<?xml version="1.0" encoding="UTF-8"?>
<!-- Generated by org.testng.reporters.JUnitReportReporter -->
<testsuite hostname="DESKTOP-HJ1QSES" failures="0" tests="1" name="com.runner.Runner_PropFile" time="3.734" errors="0" timestamp="2025-01-22T15:19:51 IST" skipped="0">
  <testcase classname="com.runner.Runner_PropFile" name="launchGoogle" time="3.734"/>
  <system-out/>
</testsuite> <!-- com.runner.Runner_PropFile -->
