<?xml version="1.0" encoding="UTF-8"?>
<!-- Generated by org.testng.reporters.JUnitReportReporter -->
<testsuite hostname="DESKTOP-HJ1QSES" failures="0" tests="1" name="com.runner.PropFiles" time="0.015" errors="0" timestamp="2025-01-22T16:02:59 IST" skipped="0">
  <testcase classname="com.runner.PropFiles" name="testData" time="0.015"/>
  <system-out/>
</testsuite> <!-- com.runner.PropFiles -->
