<?xml version="1.0" encoding="UTF-8"?>
<!-- Generated by org.testng.reporters.JUnitReportReporter -->
<testsuite hostname="DESKTOP-HJ1QSES" failures="0" tests="2" name="com.runner.ParallelExec" time="8.883" errors="0" timestamp="2025-01-21T15:41:18 IST" skipped="0">
  <testcase classname="com.runner.ParallelExec" name="test" time="3.199"/>
  <system-out/>
  <testcase classname="com.runner.ParallelExec" name="test" time="5.684"/>
  <system-out/>
</testsuite> <!-- com.runner.ParallelExec -->
