<?xml version="1.0" encoding="UTF-8"?>
<!-- Generated by org.testng.reporters.JUnitReportReporter -->
<testsuite hostname="DESKTOP-HJ1QSES" failures="0" tests="1" name="ExtentRep" time="0.360" errors="0" timestamp="2025-01-27T15:47:39 IST" skipped="0">
  <testcase classname="ExtentRep" name="extendReport" time="0.360"/>
  <system-out/>
</testsuite> <!-- ExtentRep -->
