<?xml version="1.0" encoding="UTF-8"?>
<!-- Generated by org.testng.reporters.JUnitReportReporter -->
<testsuite hostname="DESKTOP-HJ1QSES" failures="0" tests="1" name="com.runner.DataProv_Runner" time="5.304" errors="0" timestamp="2025-01-24T16:26:07 IST" skipped="0">
  <testcase classname="com.runner.DataProv_Runner" name="ValidateForm" time="5.304"/>
  <system-out/>
</testsuite> <!-- com.runner.DataProv_Runner -->
