<?xml version="1.0" encoding="UTF-8"?>
<!-- Generated by org.testng.reporters.JUnitReportReporter -->
<testsuite hostname="DESKTOP-HJ1QSES" failures="0" tests="2" name="com.runner.InstaLogin_ExtentReport" time="37.465" errors="0" timestamp="2025-01-28T15:26:48 IST" skipped="0">
  <testcase classname="com.runner.InstaLogin_ExtentReport" name="login" time="22.388"/>
  <system-out/>
  <testcase classname="com.runner.InstaLogin_ExtentReport" name="loginfail" time="15.077"/>
  <system-out/>
</testsuite> <!-- com.runner.InstaLogin_ExtentReport -->
