<?xml version="1.0" encoding="UTF-8"?>
<!-- Generated by org.testng.reporters.JUnitReportReporter -->
<testsuite hostname="DESKTOP-HJ1QSES" failures="0" tests="1" name="com.runner.DatProvider_Runner" time="7.974" errors="0" timestamp="2025-01-24T16:30:33 IST" skipped="0">
  <testcase classname="com.runner.DatProvider_Runner" name="ValidateForm" time="7.974"/>
  <system-out/>
</testsuite> <!-- com.runner.DatProvider_Runner -->
