<?xml version="1.0" encoding="UTF-8"?>
<!-- Generated by org.testng.reporters.JUnitReportReporter -->
<testsuite hostname="DESKTOP-HJ1QSES" failures="0" tests="4" name="com.runner.Group_Demo" time="0.029" errors="0" timestamp="2025-01-22T16:02:36 IST" skipped="0">
  <testcase classname="com.runner.Group_Demo" name="test2" time="0.004"/>
  <system-out/>
  <testcase classname="com.runner.Group_Demo" name="test3" time="0.002"/>
  <system-out/>
  <testcase classname="com.runner.Group_Demo" name="test1" time="0.021"/>
  <system-out/>
  <testcase classname="com.runner.Group_Demo" name="test4" time="0.002"/>
  <system-out/>
</testsuite> <!-- com.runner.Group_Demo -->
