<?xml version="1.0" encoding="UTF-8"?>
<!-- Generated by org.testng.reporters.JUnitReportReporter -->
<testsuite hostname="DESKTOP-HJ1QSES" failures="0" tests="1" name="com.POM.runner.Runner" time="16.862" errors="0" timestamp="2025-01-21T14:57:03 IST" skipped="0">
  <testcase classname="com.POM.runner.Runner" name="data" time="16.862"/>
  <system-out/>
</testsuite> <!-- com.POM.runner.Runner -->
