<?xml version="1.0" encoding="UTF-8"?>
<!-- Generated by org.testng.reporters.JUnitReportReporter -->
<testsuite hostname="DESKTOP-HJ1QSES" failures="0" tests="1" name="com.runner.TestNG_POM_Runner" time="6.495" errors="0" timestamp="2025-01-20T14:40:46 IST" skipped="0">
  <testcase classname="com.runner.TestNG_POM_Runner" name="Login" time="6.495"/>
  <system-out/>
</testsuite> <!-- com.runner.TestNG_POM_Runner -->
