<?xml version="1.0" encoding="UTF-8"?>
<!-- Generated by org.testng.reporters.JUnitReportReporter -->
<testsuite hostname="DESKTOP-HJ1QSES" failures="0" tests="1" name="com.POM.runner.RunnerFacebook" time="2.689" errors="0" timestamp="2025-01-17T14:20:06 IST" skipped="0">
  <testcase classname="com.POM.runner.RunnerFacebook" name="data" time="2.689"/>
  <system-out/>
</testsuite> <!-- com.POM.runner.RunnerFacebook -->
