<?xml version="1.0" encoding="UTF-8"?>
<!-- Generated by org.testng.reporters.JUnitReportReporter -->
<testsuite hostname="DESKTOP-HJ1QSES" failures="0" tests="2" name="qsp1.Demo4" time="0.003" errors="0" timestamp="2025-01-11T14:58:15 IST" skipped="0">
  <testcase classname="qsp1.Demo4" name="test1" time="0.001"/>
  <system-out>
    <![CDATA[Selenium qsp1]]>
  </system-out>
  <testcase classname="qsp1.Demo4" name="test2" time="0.002"/>
  <system-out>
    <![CDATA[Grid qsp1]]>
  </system-out>
</testsuite> <!-- qsp1.Demo4 -->
