<?xml version="1.0" encoding="UTF-8"?>
<!-- Generated by org.testng.reporters.JUnitReportReporter -->
<testsuite hostname="DESKTOP-HJ1QSES" failures="0" tests="1" name="com.PN.endUser.runner.RunnerLogin" time="2.784" errors="0" timestamp="2025-01-13T15:06:32 IST" skipped="0">
  <testcase classname="com.PN.endUser.runner.RunnerLogin" name="action" time="2.784"/>
  <system-out/>
</testsuite> <!-- com.PN.endUser.runner.RunnerLogin -->
