<?xml version="1.0" encoding="UTF-8"?>
<!-- Generated by org.testng.reporters.JUnitReportReporter -->
<testsuite hostname="DESKTOP-HJ1QSES" failures="0" tests="4" name="parameters.RunMultipleTimes" time="0.021" errors="0" timestamp="2025-01-11T16:06:49 IST" skipped="0">
  <testcase classname="parameters.RunMultipleTimes" name="test2" time="0.016"/>
  <system-out>
    <![CDATA[Grid]]>
  </system-out>
  <testcase classname="parameters.RunMultipleTimes" name="test1" time="0.001"/>
  <system-out>
    <![CDATA[Selenium]]>
  </system-out>
  <testcase classname="parameters.RunMultipleTimes" name="test1" time="0.002"/>
  <system-out>
    <![CDATA[Selenium]]>
  </system-out>
  <testcase classname="parameters.RunMultipleTimes" name="test1" time="0.002"/>
  <system-out>
    <![CDATA[Selenium]]>
  </system-out>
</testsuite> <!-- parameters.RunMultipleTimes -->
