<?xml version="1.0" encoding="UTF-8"?>
<!-- Generated by org.testng.reporters.JUnitReportReporter -->
<testsuite hostname="DESKTOP-HJ1QSES" failures="0" tests="1" name="qsp.Demo2" time="0.001" errors="0" timestamp="2025-01-11T14:58:15 IST" skipped="0">
  <testcase classname="qsp.Demo2" name="test1" time="0.001"/>
  <system-out>
    <![CDATA[World]]>
  </system-out>
</testsuite> <!-- qsp.Demo2 -->
