<?xml version="1.0" encoding="UTF-8"?>
<!-- Generated by org.testng.reporters.JUnitReportReporter -->
<testsuite hostname="DESKTOP-HJ1QSES" failures="0" tests="2" name="parameters.Priority" time="0.022" errors="0" timestamp="2025-01-11T16:08:01 IST" skipped="0">
  <testcase classname="parameters.Priority" name="test2" time="0.020"/>
  <system-out>
    <![CDATA[Grid]]>
  </system-out>
  <testcase classname="parameters.Priority" name="test1" time="0.002"/>
  <system-out>
    <![CDATA[Selenium]]>
  </system-out>
</testsuite> <!-- parameters.Priority -->
