<?xml version="1.0" encoding="UTF-8"?>
<!-- Generated by org.testng.reporters.JUnitReportReporter -->
<testsuite hostname="DESKTOP-HJ1QSES" failures="0" tests="1" name="qsp.Demo3" time="0.001" errors="0" timestamp="2025-01-08T15:36:46 IST" skipped="0">
  <testcase classname="qsp.Demo3" name="test2" time="0.001"/>
  <system-out>
    <![CDATA[Dem03]]>
  </system-out>
</testsuite> <!-- qsp.Demo3 -->
