<?xml version="1.0" encoding="UTF-8"?>
<!-- Generated by org.testng.reporters.JUnitReportReporter -->
<testsuite hostname="DESKTOP-HJ1QSES" failures="0" tests="2" name="qsp.Demo1" time="0.017" errors="0" timestamp="2025-01-11T14:58:15 IST" skipped="0">
  <testcase classname="qsp.Demo1" name="test1" time="0.016"/>
  <system-out>
    <![CDATA[Selenium]]>
  </system-out>
  <testcase classname="qsp.Demo1" name="test2" time="0.001"/>
  <system-out>
    <![CDATA[Grid]]>
  </system-out>
</testsuite> <!-- qsp.Demo1 -->
