<?xml version="1.0" encoding="UTF-8"?>
<!-- Generated by org.testng.reporters.JUnitReportReporter -->
<testsuite hostname="DESKTOP-HJ1QSES" failures="0" tests="2" name="com.PN.endUser.runner.RunnerLikeTakeScreenShot" time="22.349" errors="0" timestamp="2025-01-15T19:12:19 IST" skipped="0">
  <testcase classname="com.PN.endUser.runner.RunnerLikeTakeScreenShot" name="likeCelebrity" time="10.688"/>
  <system-out/>
  <testcase classname="com.PN.endUser.runner.RunnerLikeTakeScreenShot" name="likePolitician" time="11.661"/>
  <system-out/>
</testsuite> <!-- com.PN.endUser.runner.RunnerLikeTakeScreenShot -->
