<?xml version="1.0" encoding="UTF-8"?>
<!-- Generated by org.testng.reporters.JUnitReportReporter -->
<testsuite hostname="DESKTOP-HJ1QSES" failures="0" tests="2" name="parameters.SkipTheTestAnnotation" time="0.017" errors="0" timestamp="2025-01-11T16:00:12 IST" skipped="1">
  <testcase classname="parameters.SkipTheTestAnnotation" name="test2" time="0.017"/>
  <system-out>
    <![CDATA[Grid]]>
  </system-out>
  <testcase classname="parameters.SkipTheTestAnnotation" name="test1">
    <skipped/>
  </testcase> <!-- test1 -->
  <system-out/>
</testsuite> <!-- parameters.SkipTheTestAnnotation -->
